<?xml version="1.0" encoding="UTF-8"?>
<testng-results ignored="0" total="1" passed="1" failed="0" skipped="0">
  <reporter-output>
  </reporter-output>
  <suite started-at="2025-07-19T16:06:15 PST" name="Suite" finished-at="2025-07-19T16:06:35 PST" duration-ms="19703">
    <groups>
    </groups>
    <test started-at="2025-07-19T16:06:15 PST" name="Test" finished-at="2025-07-19T16:06:35 PST" duration-ms="19703">
      <class name="com.wwe.wwe.Main">
        <test-method signature="launchURL()[pri:0, instance:com.wwe.wwe.Main@4b0b0854]" started-at="2025-07-19T16:06:15 PST" name="launchURL" finished-at="2025-07-19T16:06:35 PST" duration-ms="19662" status="PASS">
          <reporter-output>
          </reporter-output>
        </test-method> <!-- launchURL -->
      </class> <!-- com.wwe.wwe.Main -->
    </test> <!-- Test -->
  </suite> <!-- Suite -->
</testng-results>
